<?xml version="1.0" encoding="UTF-8"?>
<coverage generated="1734530698646" clover="3.2.0">
  <project timestamp="1734530698646" name="All files">
    <metrics statements="9" coveredstatements="5" conditionals="2" coveredconditionals="1" methods="2" coveredmethods="0" elements="13" coveredelements="6" complexity="0" loc="9" ncloc="9" packages="1" files="1" classes="1"/>
    <file name="server.js" path="C:\ProgramData\Jenkins\.jenkins\workspace\tp-jenkins\server.js">
      <metrics statements="9" coveredstatements="5" conditionals="2" coveredconditionals="1" methods="2" coveredmethods="0"/>
      <line num="1" count="1" type="stmt"/>
      <line num="3" count="1" type="stmt"/>
      <line num="5" count="1" type="stmt"/>
      <line num="6" count="0" type="stmt"/>
      <line num="7" count="0" type="stmt"/>
      <line num="10" count="1" type="cond" truecount="1" falsecount="1"/>
      <line num="12" count="0" type="stmt"/>
      <line num="13" count="0" type="stmt"/>
      <line num="17" count="1" type="stmt"/>
    </file>
  </project>
</coverage>
